<?xml version="1.0" encoding="UTF-8"?>
<coverage generated="1778401698234" clover="3.2.0">
  <project timestamp="1778401698234" name="All files">
    <metrics statements="117" coveredstatements="76" conditionals="63" coveredconditionals="30" methods="17" coveredmethods="12" elements="197" coveredelements="118" complexity="0" loc="117" ncloc="117" packages="1" files="1" classes="1"/>
    <file name="npm-shim.js" path="C:\Gayathri\Cidas\intercept\npm-shim.js">
      <metrics statements="117" coveredstatements="76" conditionals="63" coveredconditionals="30" methods="17" coveredmethods="12"/>
      <line num="29" count="44" type="stmt"/>
      <line num="30" count="44" type="stmt"/>
      <line num="31" count="44" type="stmt"/>
      <line num="32" count="44" type="stmt"/>
      <line num="33" count="44" type="stmt"/>
      <line num="35" count="44" type="cond" truecount="2" falsecount="0"/>
      <line num="39" count="44" type="stmt"/>
      <line num="41" count="44" type="stmt"/>
      <line num="43" count="39" type="stmt"/>
      <line num="47" count="39" type="stmt"/>
      <line num="50" count="5" type="stmt"/>
      <line num="55" count="5" type="cond" truecount="2" falsecount="0"/>
      <line num="56" count="3" type="stmt"/>
      <line num="62" count="3" type="stmt"/>
      <line num="66" count="44" type="stmt"/>
      <line num="67" count="44" type="stmt"/>
      <line num="68" count="44" type="stmt"/>
      <line num="69" count="44" type="stmt"/>
      <line num="70" count="44" type="stmt"/>
      <line num="71" count="44" type="stmt"/>
      <line num="73" count="44" type="cond" truecount="2" falsecount="0"/>
      <line num="74" count="44" type="stmt"/>
      <line num="75" count="44" type="cond" truecount="2" falsecount="0"/>
      <line num="80" count="44" type="stmt"/>
      <line num="81" count="44" type="stmt"/>
      <line num="82" count="44" type="stmt"/>
      <line num="83" count="1848" type="cond" truecount="1" falsecount="1"/>
      <line num="84" count="660" type="stmt"/>
      <line num="85" count="660" type="stmt"/>
      <line num="87" count="0" type="stmt"/>
      <line num="92" count="11" type="stmt"/>
      <line num="93" count="11" type="stmt"/>
      <line num="94" count="11" type="stmt"/>
      <line num="96" count="7" type="stmt"/>
      <line num="106" count="8" type="stmt"/>
      <line num="108" count="8" type="stmt"/>
      <line num="109" count="8" type="stmt"/>
      <line num="111" count="2" type="stmt"/>
      <line num="113" count="6" type="cond" truecount="2" falsecount="0"/>
      <line num="114" count="6" type="cond" truecount="4" falsecount="0"/>
      <line num="116" count="4" type="stmt"/>
      <line num="117" count="4" type="cond" truecount="2" falsecount="0"/>
      <line num="118" count="3" type="stmt"/>
      <line num="119" count="3" type="stmt"/>
      <line num="120" count="3" type="cond" truecount="4" falsecount="0"/>
      <line num="122" count="1" type="stmt"/>
      <line num="131" count="9" type="stmt"/>
      <line num="132" count="9" type="stmt"/>
      <line num="133" count="9" type="stmt"/>
      <line num="140" count="9" type="stmt"/>
      <line num="141" count="9" type="stmt"/>
      <line num="143" count="1" type="stmt"/>
      <line num="155" count="7" type="stmt"/>
      <line num="156" count="7" type="cond" truecount="2" falsecount="0"/>
      <line num="157" count="3" type="stmt"/>
      <line num="161" count="3" type="stmt"/>
      <line num="162" count="3" type="stmt"/>
      <line num="164" count="4" type="stmt"/>
      <line num="165" count="4" type="stmt"/>
      <line num="172" count="2" type="stmt"/>
      <line num="173" count="2" type="stmt"/>
      <line num="174" count="2" type="stmt"/>
      <line num="181" count="2" type="cond" truecount="1" falsecount="1"/>
      <line num="182" count="2" type="stmt"/>
      <line num="186" count="2" type="stmt"/>
      <line num="194" count="2" type="stmt"/>
      <line num="195" count="1" type="stmt"/>
      <line num="196" count="1" type="stmt"/>
      <line num="197" count="1" type="stmt"/>
      <line num="198" count="1" type="stmt"/>
      <line num="199" count="0" type="stmt"/>
      <line num="202" count="2" type="stmt"/>
      <line num="203" count="2" type="stmt"/>
      <line num="204" count="2" type="stmt"/>
      <line num="205" count="2" type="stmt"/>
      <line num="210" count="0" type="stmt"/>
      <line num="211" count="0" type="cond" truecount="0" falsecount="2"/>
      <line num="216" count="44" type="stmt"/>
      <line num="219" count="0" type="stmt"/>
      <line num="220" count="0" type="cond" truecount="0" falsecount="3"/>
      <line num="222" count="0" type="cond" truecount="0" falsecount="2"/>
      <line num="223" count="0" type="stmt"/>
      <line num="227" count="0" type="stmt"/>
      <line num="229" count="0" type="cond" truecount="0" falsecount="3"/>
      <line num="231" count="0" type="cond" truecount="0" falsecount="2"/>
      <line num="232" count="0" type="stmt"/>
      <line num="233" count="0" type="stmt"/>
      <line num="236" count="0" type="cond" truecount="0" falsecount="2"/>
      <line num="238" count="0" type="stmt"/>
      <line num="241" count="0" type="stmt"/>
      <line num="242" count="0" type="stmt"/>
      <line num="244" count="0" type="stmt"/>
      <line num="246" count="0" type="stmt"/>
      <line num="247" count="0" type="cond" truecount="0" falsecount="2"/>
      <line num="248" count="0" type="cond" truecount="0" falsecount="2"/>
      <line num="250" count="0" type="stmt"/>
      <line num="253" count="0" type="stmt"/>
      <line num="254" count="0" type="stmt"/>
      <line num="257" count="0" type="stmt"/>
      <line num="258" count="0" type="cond" truecount="0" falsecount="2"/>
      <line num="260" count="0" type="stmt"/>
      <line num="262" count="0" type="stmt"/>
      <line num="266" count="0" type="stmt"/>
      <line num="269" count="0" type="stmt"/>
      <line num="271" count="0" type="cond" truecount="0" falsecount="2"/>
      <line num="272" count="0" type="stmt"/>
      <line num="273" count="0" type="stmt"/>
      <line num="274" count="0" type="cond" truecount="0" falsecount="2"/>
      <line num="275" count="0" type="stmt"/>
      <line num="277" count="0" type="stmt"/>
      <line num="281" count="0" type="cond" truecount="0" falsecount="2"/>
      <line num="282" count="0" type="stmt"/>
      <line num="286" count="0" type="stmt"/>
      <line num="289" count="0" type="stmt"/>
      <line num="293" count="44" type="cond" truecount="1" falsecount="1"/>
      <line num="294" count="0" type="stmt"/>
      <line num="297" count="44" type="stmt"/>
    </file>
  </project>
</coverage>
