<?xml version="1.0" encoding="UTF-8"?>
<coverage generated="1778769367814" clover="3.2.0">
  <project timestamp="1778769367814" name="All files">
    <metrics statements="179" coveredstatements="100" conditionals="112" coveredconditionals="44" methods="25" coveredmethods="18" elements="316" coveredelements="162" complexity="0" loc="179" ncloc="179" packages="1" files="1" classes="1"/>
    <file name="npm-shim.js" path="/mnt/c/Gayathri/Cidas/intercept/npm-shim.js">
      <metrics statements="179" coveredstatements="100" conditionals="112" coveredconditionals="44" methods="25" coveredmethods="18"/>
      <line num="32" count="57" type="stmt"/>
      <line num="43" count="10" type="stmt"/>
      <line num="44" count="10" type="stmt"/>
      <line num="45" count="10" type="stmt"/>
      <line num="46" count="10" type="stmt"/>
      <line num="53" count="57" type="cond" truecount="1" falsecount="1"/>
      <line num="54" count="0" type="stmt"/>
      <line num="55" count="0" type="stmt"/>
      <line num="56" count="0" type="stmt"/>
      <line num="58" count="0" type="stmt"/>
      <line num="59" count="0" type="stmt"/>
      <line num="60" count="0" type="stmt"/>
      <line num="61" count="0" type="cond" truecount="0" falsecount="2"/>
      <line num="62" count="0" type="stmt"/>
      <line num="65" count="0" type="stmt"/>
      <line num="66" count="0" type="stmt"/>
      <line num="67" count="0" type="stmt"/>
      <line num="75" count="57" type="stmt"/>
      <line num="76" count="57" type="stmt"/>
      <line num="77" count="57" type="stmt"/>
      <line num="78" count="57" type="stmt"/>
      <line num="80" count="57" type="cond" truecount="2" falsecount="0"/>
      <line num="84" count="57" type="stmt"/>
      <line num="86" count="57" type="stmt"/>
      <line num="88" count="47" type="stmt"/>
      <line num="93" count="47" type="stmt"/>
      <line num="96" count="10" type="stmt"/>
      <line num="98" count="10" type="cond" truecount="2" falsecount="0"/>
      <line num="99" count="8" type="stmt"/>
      <line num="105" count="8" type="stmt"/>
      <line num="109" count="57" type="stmt"/>
      <line num="110" count="57" type="stmt"/>
      <line num="111" count="57" type="stmt"/>
      <line num="112" count="57" type="stmt"/>
      <line num="113" count="57" type="stmt"/>
      <line num="114" count="57" type="stmt"/>
      <line num="116" count="57" type="cond" truecount="2" falsecount="0"/>
      <line num="117" count="57" type="stmt"/>
      <line num="118" count="57" type="cond" truecount="2" falsecount="0"/>
      <line num="119" count="57" type="cond" truecount="2" falsecount="0"/>
      <line num="129" count="57" type="stmt"/>
      <line num="130" count="57" type="stmt"/>
      <line num="131" count="57" type="stmt"/>
      <line num="132" count="57" type="cond" truecount="2" falsecount="3"/>
      <line num="133" count="57" type="cond" truecount="1" falsecount="1"/>
      <line num="138" count="0" type="cond" truecount="0" falsecount="2"/>
      <line num="139" count="0" type="stmt"/>
      <line num="140" count="0" type="cond" truecount="0" falsecount="2"/>
      <line num="141" count="0" type="stmt"/>
      <line num="142" count="0" type="stmt"/>
      <line num="143" count="0" type="stmt"/>
      <line num="146" count="0" type="cond" truecount="0" falsecount="2"/>
      <line num="151" count="15" type="stmt"/>
      <line num="152" count="15" type="stmt"/>
      <line num="153" count="15" type="stmt"/>
      <line num="155" count="10" type="stmt"/>
      <line num="165" count="8" type="stmt"/>
      <line num="167" count="8" type="stmt"/>
      <line num="168" count="8" type="stmt"/>
      <line num="170" count="1" type="stmt"/>
      <line num="173" count="7" type="cond" truecount="2" falsecount="0"/>
      <line num="174" count="7" type="cond" truecount="2" falsecount="0"/>
      <line num="175" count="7" type="cond" truecount="4" falsecount="0"/>
      <line num="177" count="2" type="stmt"/>
      <line num="178" count="2" type="cond" truecount="1" falsecount="1"/>
      <line num="179" count="2" type="stmt"/>
      <line num="180" count="2" type="stmt"/>
      <line num="181" count="2" type="cond" truecount="4" falsecount="0"/>
      <line num="183" count="1" type="stmt"/>
      <line num="192" count="9" type="stmt"/>
      <line num="193" count="9" type="stmt"/>
      <line num="194" count="9" type="stmt"/>
      <line num="201" count="9" type="stmt"/>
      <line num="202" count="9" type="stmt"/>
      <line num="204" count="1" type="stmt"/>
      <line num="216" count="7" type="stmt"/>
      <line num="217" count="7" type="cond" truecount="2" falsecount="0"/>
      <line num="218" count="3" type="stmt"/>
      <line num="222" count="3" type="stmt"/>
      <line num="223" count="3" type="stmt"/>
      <line num="225" count="4" type="stmt"/>
      <line num="226" count="4" type="stmt"/>
      <line num="238" count="2" type="stmt"/>
      <line num="239" count="2" type="stmt"/>
      <line num="240" count="2" type="cond" truecount="1" falsecount="1"/>
      <line num="242" count="0" type="stmt"/>
      <line num="247" count="2" type="stmt"/>
      <line num="248" count="2" type="stmt"/>
      <line num="249" count="2" type="stmt"/>
      <line num="257" count="2" type="cond" truecount="1" falsecount="1"/>
      <line num="258" count="2" type="stmt"/>
      <line num="259" count="2" type="stmt"/>
      <line num="264" count="2" type="stmt"/>
      <line num="272" count="2" type="stmt"/>
      <line num="273" count="1" type="stmt"/>
      <line num="274" count="1" type="stmt"/>
      <line num="275" count="1" type="stmt"/>
      <line num="276" count="1" type="stmt"/>
      <line num="277" count="0" type="stmt"/>
      <line num="280" count="2" type="stmt"/>
      <line num="281" count="2" type="stmt"/>
      <line num="282" count="2" type="stmt"/>
      <line num="283" count="2" type="stmt"/>
      <line num="292" count="0" type="stmt"/>
      <line num="293" count="0" type="cond" truecount="0" falsecount="2"/>
      <line num="303" count="6" type="cond" truecount="2" falsecount="0"/>
      <line num="304" count="5" type="cond" truecount="4" falsecount="0"/>
      <line num="305" count="4" type="stmt"/>
      <line num="306" count="4" type="stmt"/>
      <line num="315" count="7" type="stmt"/>
      <line num="316" count="7" type="stmt"/>
      <line num="317" count="7" type="stmt"/>
      <line num="321" count="7" type="stmt"/>
      <line num="322" count="1" type="stmt"/>
      <line num="323" count="1" type="stmt"/>
      <line num="324" count="1" type="stmt"/>
      <line num="326" count="7" type="stmt"/>
      <line num="329" count="6" type="stmt"/>
      <line num="330" count="6" type="stmt"/>
      <line num="338" count="57" type="stmt"/>
      <line num="341" count="0" type="stmt"/>
      <line num="342" count="0" type="cond" truecount="0" falsecount="3"/>
      <line num="344" count="0" type="cond" truecount="0" falsecount="2"/>
      <line num="345" count="0" type="stmt"/>
      <line num="349" count="0" type="stmt"/>
      <line num="351" count="0" type="cond" truecount="0" falsecount="3"/>
      <line num="353" count="0" type="cond" truecount="0" falsecount="2"/>
      <line num="354" count="0" type="stmt"/>
      <line num="355" count="0" type="stmt"/>
      <line num="358" count="0" type="cond" truecount="0" falsecount="2"/>
      <line num="360" count="0" type="stmt"/>
      <line num="365" count="0" type="cond" truecount="0" falsecount="2"/>
      <line num="366" count="0" type="stmt"/>
      <line num="371" count="0" type="stmt"/>
      <line num="374" count="0" type="stmt"/>
      <line num="375" count="0" type="stmt"/>
      <line num="377" count="0" type="stmt"/>
      <line num="379" count="0" type="stmt"/>
      <line num="380" count="0" type="cond" truecount="0" falsecount="2"/>
      <line num="381" count="0" type="cond" truecount="0" falsecount="2"/>
      <line num="383" count="0" type="stmt"/>
      <line num="386" count="0" type="stmt"/>
      <line num="387" count="0" type="stmt"/>
      <line num="390" count="0" type="stmt"/>
      <line num="391" count="0" type="cond" truecount="0" falsecount="2"/>
      <line num="393" count="0" type="stmt"/>
      <line num="395" count="0" type="stmt"/>
      <line num="399" count="0" type="stmt"/>
      <line num="402" count="0" type="stmt"/>
      <line num="404" count="0" type="cond" truecount="0" falsecount="2"/>
      <line num="405" count="0" type="stmt"/>
      <line num="406" count="0" type="stmt"/>
      <line num="407" count="0" type="cond" truecount="0" falsecount="2"/>
      <line num="408" count="0" type="stmt"/>
      <line num="409" count="0" type="cond" truecount="0" falsecount="2"/>
      <line num="410" count="0" type="stmt"/>
      <line num="411" count="0" type="cond" truecount="0" falsecount="2"/>
      <line num="412" count="0" type="stmt"/>
      <line num="416" count="0" type="stmt"/>
      <line num="420" count="0" type="stmt"/>
      <line num="424" count="0" type="cond" truecount="0" falsecount="2"/>
      <line num="425" count="0" type="cond" truecount="0" falsecount="2"/>
      <line num="426" count="0" type="stmt"/>
      <line num="429" count="0" type="stmt"/>
      <line num="430" count="0" type="stmt"/>
      <line num="435" count="0" type="cond" truecount="0" falsecount="2"/>
      <line num="436" count="0" type="stmt"/>
      <line num="438" count="0" type="cond" truecount="0" falsecount="2"/>
      <line num="439" count="0" type="stmt"/>
      <line num="442" count="0" type="stmt"/>
      <line num="443" count="0" type="cond" truecount="0" falsecount="2"/>
      <line num="444" count="0" type="stmt"/>
      <line num="451" count="0" type="cond" truecount="0" falsecount="2"/>
      <line num="452" count="0" type="stmt"/>
      <line num="456" count="0" type="stmt"/>
      <line num="459" count="0" type="stmt"/>
      <line num="463" count="57" type="cond" truecount="1" falsecount="1"/>
      <line num="464" count="0" type="stmt"/>
      <line num="467" count="57" type="stmt"/>
    </file>
  </project>
</coverage>
