{"C:\\Gayathri\\Cidas\\intercept\\npm-shim.js": {"path":"C:\\Gayathri\\Cidas\\intercept\\npm-shim.js","statementMap":{"0":{"start":{"line":29,"column":0},"end":{"line":64,"column":5}},"1":{"start":{"line":30,"column":18},"end":{"line":30,"column":35}},"2":{"start":{"line":31,"column":18},"end":{"line":31,"column":31}},"3":{"start":{"line":32,"column":18},"end":{"line":32,"column":33}},"4":{"start":{"line":33,"column":18},"end":{"line":33,"column":31}},"5":{"start":{"line":35,"column":19},"end":{"line":36,"column":56}},"6":{"start":{"line":39,"column":2},"end":{"line":48,"column":3}},"7":{"start":{"line":41,"column":4},"end":{"line":41,"column":74}},"8":{"start":{"line":43,"column":4},"end":{"line":46,"column":6}},"9":{"start":{"line":47,"column":4},"end":{"line":47,"column":11}},"10":{"start":{"line":50,"column":17},"end":{"line":53,"column":18}},"11":{"start":{"line":55,"column":2},"end":{"line":63,"column":3}},"12":{"start":{"line":56,"column":4},"end":{"line":61,"column":6}},"13":{"start":{"line":62,"column":4},"end":{"line":62,"column":20}},"14":{"start":{"line":66,"column":22},"end":{"line":66,"column":46}},"15":{"start":{"line":67,"column":14},"end":{"line":67,"column":29}},"16":{"start":{"line":68,"column":14},"end":{"line":68,"column":30}},"17":{"start":{"line":69,"column":14},"end":{"line":69,"column":29}},"18":{"start":{"line":70,"column":14},"end":{"line":70,"column":27}},"19":{"start":{"line":71,"column":14},"end":{"line":71,"column":27}},"20":{"start":{"line":73,"column":19},"end":{"line":73,"column":74}},"21":{"start":{"line":74,"column":19},"end":{"line":74,"column":52}},"22":{"start":{"line":75,"column":19},"end":{"line":75,"column":63}},"23":{"start":{"line":80,"column":16},"end":{"line":80,"column":61}},"24":{"start":{"line":81,"column":2},"end":{"line":81,"column":70}},"25":{"start":{"line":81,"column":8},"end":{"line":81,"column":53}},"26":{"start":{"line":82,"column":18},"end":{"line":82,"column":47}},"27":{"start":{"line":83,"column":2},"end":{"line":86,"column":3}},"28":{"start":{"line":83,"column":81},"end":{"line":83,"column":94}},"29":{"start":{"line":84,"column":17},"end":{"line":84,"column":38}},"30":{"start":{"line":85,"column":4},"end":{"line":85,"column":79}},"31":{"start":{"line":85,"column":10},"end":{"line":85,"column":49}},"32":{"start":{"line":85,"column":50},"end":{"line":85,"column":62}},"33":{"start":{"line":87,"column":2},"end":{"line":87,"column":15}},"34":{"start":{"line":92,"column":21},"end":{"line":92,"column":69}},"35":{"start":{"line":93,"column":2},"end":{"line":97,"column":3}},"36":{"start":{"line":94,"column":4},"end":{"line":94,"column":59}},"37":{"start":{"line":96,"column":4},"end":{"line":96,"column":14}},"38":{"start":{"line":106,"column":20},"end":{"line":106,"column":75}},"39":{"start":{"line":108,"column":2},"end":{"line":112,"column":3}},"40":{"start":{"line":109,"column":4},"end":{"line":109,"column":59}},"41":{"start":{"line":111,"column":4},"end":{"line":111,"column":16}},"42":{"start":{"line":113,"column":16},"end":{"line":113,"column":43}},"43":{"start":{"line":114,"column":2},"end":{"line":114,"column":55}},"44":{"start":{"line":114,"column":43},"end":{"line":114,"column":55}},"45":{"start":{"line":116,"column":13},"end":{"line":116,"column":40}},"46":{"start":{"line":117,"column":2},"end":{"line":117,"column":40}},"47":{"start":{"line":117,"column":28},"end":{"line":117,"column":40}},"48":{"start":{"line":118,"column":19},"end":{"line":118,"column":48}},"49":{"start":{"line":119,"column":19},"end":{"line":119,"column":42}},"50":{"start":{"line":120,"column":2},"end":{"line":120,"column":69}},"51":{"start":{"line":120,"column":57},"end":{"line":120,"column":69}},"52":{"start":{"line":122,"column":2},"end":{"line":122,"column":15}},"53":{"start":{"line":131,"column":19},"end":{"line":131,"column":52}},"54":{"start":{"line":132,"column":2},"end":{"line":132,"column":69}},"55":{"start":{"line":132,"column":8},"end":{"line":132,"column":52}},"56":{"start":{"line":133,"column":16},"end":{"line":139,"column":4}},"57":{"start":{"line":140,"column":2},"end":{"line":144,"column":3}},"58":{"start":{"line":141,"column":4},"end":{"line":141,"column":70}},"59":{"start":{"line":143,"column":4},"end":{"line":143,"column":104}},"60":{"start":{"line":155,"column":17},"end":{"line":155,"column":35}},"61":{"start":{"line":156,"column":2},"end":{"line":163,"column":3}},"62":{"start":{"line":157,"column":4},"end":{"line":160,"column":6}},"63":{"start":{"line":161,"column":4},"end":{"line":161,"column":20}},"64":{"start":{"line":162,"column":4},"end":{"line":162,"column":11}},"65":{"start":{"line":164,"column":2},"end":{"line":164,"column":31}},"66":{"start":{"line":165,"column":2},"end":{"line":168,"column":4}},"67":{"start":{"line":172,"column":2},"end":{"line":206,"column":5}},"68":{"start":{"line":173,"column":19},"end":{"line":173,"column":54}},"69":{"start":{"line":174,"column":19},"end":{"line":180,"column":6}},"70":{"start":{"line":181,"column":19},"end":{"line":181,"column":59}},"71":{"start":{"line":182,"column":20},"end":{"line":185,"column":5}},"72":{"start":{"line":186,"column":20},"end":{"line":193,"column":5}},"73":{"start":{"line":194,"column":16},"end":{"line":201,"column":6}},"74":{"start":{"line":195,"column":17},"end":{"line":195,"column":19}},"75":{"start":{"line":196,"column":6},"end":{"line":196,"column":52}},"76":{"start":{"line":196,"column":34},"end":{"line":196,"column":48}},"77":{"start":{"line":197,"column":6},"end":{"line":200,"column":9}},"78":{"start":{"line":198,"column":8},"end":{"line":199,"column":87}},"79":{"start":{"line":198,"column":14},"end":{"line":198,"column":40}},"80":{"start":{"line":199,"column":16},"end":{"line":199,"column":85}},"81":{"start":{"line":202,"column":4},"end":{"line":202,"column":28}},"82":{"start":{"line":203,"column":4},"end":{"line":203,"column":106}},"83":{"start":{"line":203,"column":30},"end":{"line":203,"column":44}},"84":{"start":{"line":203,"column":45},"end":{"line":203,"column":102}},"85":{"start":{"line":204,"column":4},"end":{"line":204,"column":20}},"86":{"start":{"line":205,"column":4},"end":{"line":205,"column":14}},"87":{"start":{"line":210,"column":17},"end":{"line":210,"column":64}},"88":{"start":{"line":211,"column":2},"end":{"line":211,"column":35}},"89":{"start":{"line":216,"column":13},"end":{"line":216,"column":34}},"90":{"start":{"line":219,"column":20},"end":{"line":219,"column":27}},"91":{"start":{"line":220,"column":20},"end":{"line":220,"column":78}},"92":{"start":{"line":222,"column":2},"end":{"line":224,"column":3}},"93":{"start":{"line":223,"column":4},"end":{"line":223,"column":19}},"94":{"start":{"line":227,"column":19},"end":{"line":229,"column":70}},"95":{"start":{"line":229,"column":19},"end":{"line":229,"column":69}},"96":{"start":{"line":231,"column":2},"end":{"line":234,"column":3}},"97":{"start":{"line":232,"column":4},"end":{"line":232,"column":28}},"98":{"start":{"line":233,"column":4},"end":{"line":233,"column":19}},"99":{"start":{"line":236,"column":2},"end":{"line":239,"column":3}},"100":{"start":{"line":238,"column":4},"end":{"line":238,"column":19}},"101":{"start":{"line":241,"column":2},"end":{"line":290,"column":7}},"102":{"start":{"line":242,"column":18},"end":{"line":242,"column":23}},"103":{"start":{"line":244,"column":4},"end":{"line":279,"column":5}},"104":{"start":{"line":246,"column":21},"end":{"line":246,"column":41}},"105":{"start":{"line":247,"column":22},"end":{"line":247,"column":61}},"106":{"start":{"line":248,"column":22},"end":{"line":248,"column":63}},"107":{"start":{"line":250,"column":6},"end":{"line":250,"column":86}},"108":{"start":{"line":253,"column":6},"end":{"line":267,"column":7}},"109":{"start":{"line":254,"column":8},"end":{"line":254,"column":44}},"110":{"start":{"line":257,"column":23},"end":{"line":257,"column":47}},"111":{"start":{"line":258,"column":8},"end":{"line":261,"column":9}},"112":{"start":{"line":260,"column":10},"end":{"line":260,"column":19}},"113":{"start":{"line":262,"column":8},"end":{"line":265,"column":10}},"114":{"start":{"line":266,"column":8},"end":{"line":266,"column":17}},"115":{"start":{"line":269,"column":52},"end":{"line":269,"column":58}},"116":{"start":{"line":271,"column":6},"end":{"line":278,"column":7}},"117":{"start":{"line":272,"column":8},"end":{"line":272,"column":80}},"118":{"start":{"line":273,"column":8},"end":{"line":273,"column":23}},"119":{"start":{"line":274,"column":13},"end":{"line":278,"column":7}},"120":{"start":{"line":275,"column":8},"end":{"line":275,"column":80}},"121":{"start":{"line":277,"column":8},"end":{"line":277,"column":78}},"122":{"start":{"line":281,"column":4},"end":{"line":287,"column":5}},"123":{"start":{"line":282,"column":6},"end":{"line":285,"column":8}},"124":{"start":{"line":286,"column":6},"end":{"line":286,"column":22}},"125":{"start":{"line":289,"column":4},"end":{"line":289,"column":19}},"126":{"start":{"line":293,"column":0},"end":{"line":295,"column":1}},"127":{"start":{"line":294,"column":2},"end":{"line":294,"column":10}},"128":{"start":{"line":297,"column":0},"end":{"line":303,"column":2}}},"fnMap":{"0":{"name":"_integrityCheck","decl":{"start":{"line":29,"column":10},"end":{"line":29,"column":25}},"loc":{"start":{"line":29,"column":28},"end":{"line":64,"column":1}},"line":29},"1":{"name":"_findRealNpm","decl":{"start":{"line":79,"column":9},"end":{"line":79,"column":21}},"loc":{"start":{"line":79,"column":24},"end":{"line":88,"column":1}},"line":79},"2":{"name":"(anonymous_2)","decl":{"start":{"line":83,"column":74},"end":{"line":83,"column":75}},"loc":{"start":{"line":83,"column":81},"end":{"line":83,"column":94}},"line":83},"3":{"name":"_readCidasConfig","decl":{"start":{"line":91,"column":9},"end":{"line":91,"column":25}},"loc":{"start":{"line":91,"column":28},"end":{"line":98,"column":1}},"line":91},"4":{"name":"_checkOfflineCache","decl":{"start":{"line":105,"column":9},"end":{"line":105,"column":27}},"loc":{"start":{"line":105,"column":41},"end":{"line":123,"column":1}},"line":105},"5":{"name":"_writeAuditLog","decl":{"start":{"line":130,"column":9},"end":{"line":130,"column":23}},"loc":{"start":{"line":130,"column":38},"end":{"line":145,"column":1}},"line":130},"6":{"name":"_handleBypass","decl":{"start":{"line":154,"column":9},"end":{"line":154,"column":22}},"loc":{"start":{"line":154,"column":37},"end":{"line":169,"column":1}},"line":154},"7":{"name":"_scan","decl":{"start":{"line":171,"column":9},"end":{"line":171,"column":14}},"loc":{"start":{"line":171,"column":30},"end":{"line":207,"column":1}},"line":171},"8":{"name":"(anonymous_8)","decl":{"start":{"line":172,"column":21},"end":{"line":172,"column":22}},"loc":{"start":{"line":172,"column":42},"end":{"line":206,"column":3}},"line":172},"9":{"name":"(anonymous_9)","decl":{"start":{"line":194,"column":37},"end":{"line":194,"column":38}},"loc":{"start":{"line":194,"column":46},"end":{"line":201,"column":5}},"line":194},"10":{"name":"(anonymous_10)","decl":{"start":{"line":196,"column":21},"end":{"line":196,"column":22}},"loc":{"start":{"line":196,"column":32},"end":{"line":196,"column":50}},"line":196},"11":{"name":"(anonymous_11)","decl":{"start":{"line":197,"column":20},"end":{"line":197,"column":21}},"loc":{"start":{"line":197,"column":26},"end":{"line":200,"column":7}},"line":197},"12":{"name":"(anonymous_12)","decl":{"start":{"line":203,"column":22},"end":{"line":203,"column":23}},"loc":{"start":{"line":203,"column":28},"end":{"line":203,"column":104}},"line":203},"13":{"name":"_passthrough","decl":{"start":{"line":209,"column":9},"end":{"line":209,"column":21}},"loc":{"start":{"line":209,"column":24},"end":{"line":212,"column":1}},"line":209},"14":{"name":"_main","decl":{"start":{"line":218,"column":9},"end":{"line":218,"column":14}},"loc":{"start":{"line":218,"column":17},"end":{"line":291,"column":1}},"line":218},"15":{"name":"(anonymous_15)","decl":{"start":{"line":229,"column":12},"end":{"line":229,"column":13}},"loc":{"start":{"line":229,"column":19},"end":{"line":229,"column":69}},"line":229},"16":{"name":"(anonymous_16)","decl":{"start":{"line":241,"column":3},"end":{"line":241,"column":4}},"loc":{"start":{"line":241,"column":15},"end":{"line":290,"column":3}},"line":241}},"branchMap":{"0":{"loc":{"start":{"line":35,"column":19},"end":{"line":36,"column":56}},"type":"binary-expr","locations":[{"start":{"line":35,"column":19},"end":{"line":35,"column":46}},{"start":{"line":36,"column":4},"end":{"line":36,"column":56}}],"line":35},"1":{"loc":{"start":{"line":55,"column":2},"end":{"line":63,"column":3}},"type":"if","locations":[{"start":{"line":55,"column":2},"end":{"line":63,"column":3}},{"start":{},"end":{}}],"line":55},"2":{"loc":{"start":{"line":73,"column":19},"end":{"line":73,"column":74}},"type":"binary-expr","locations":[{"start":{"line":73,"column":19},"end":{"line":73,"column":47}},{"start":{"line":73,"column":51},"end":{"line":73,"column":74}}],"line":73},"3":{"loc":{"start":{"line":75,"column":19},"end":{"line":75,"column":63}},"type":"binary-expr","locations":[{"start":{"line":75,"column":19},"end":{"line":75,"column":45}},{"start":{"line":75,"column":49},"end":{"line":75,"column":63}}],"line":75},"4":{"loc":{"start":{"line":83,"column":21},"end":{"line":83,"column":43}},"type":"binary-expr","locations":[{"start":{"line":83,"column":21},"end":{"line":83,"column":37}},{"start":{"line":83,"column":41},"end":{"line":83,"column":43}}],"line":83},"5":{"loc":{"start":{"line":113,"column":16},"end":{"line":113,"column":43}},"type":"binary-expr","locations":[{"start":{"line":113,"column":16},"end":{"line":113,"column":21}},{"start":{"line":113,"column":25},"end":{"line":113,"column":43}}],"line":113},"6":{"loc":{"start":{"line":114,"column":2},"end":{"line":114,"column":55}},"type":"if","locations":[{"start":{"line":114,"column":2},"end":{"line":114,"column":55}},{"start":{},"end":{}}],"line":114},"7":{"loc":{"start":{"line":114,"column":6},"end":{"line":114,"column":41}},"type":"binary-expr","locations":[{"start":{"line":114,"column":6},"end":{"line":114,"column":12}},{"start":{"line":114,"column":16},"end":{"line":114,"column":41}}],"line":114},"8":{"loc":{"start":{"line":117,"column":2},"end":{"line":117,"column":40}},"type":"if","locations":[{"start":{"line":117,"column":2},"end":{"line":117,"column":40}},{"start":{},"end":{}}],"line":117},"9":{"loc":{"start":{"line":120,"column":2},"end":{"line":120,"column":69}},"type":"if","locations":[{"start":{"line":120,"column":2},"end":{"line":120,"column":69}},{"start":{},"end":{}}],"line":120},"10":{"loc":{"start":{"line":120,"column":6},"end":{"line":120,"column":55}},"type":"binary-expr","locations":[{"start":{"line":120,"column":6},"end":{"line":120,"column":32}},{"start":{"line":120,"column":36},"end":{"line":120,"column":55}}],"line":120},"11":{"loc":{"start":{"line":137,"column":19},"end":{"line":137,"column":72}},"type":"binary-expr","locations":[{"start":{"line":137,"column":19},"end":{"line":137,"column":35}},{"start":{"line":137,"column":39},"end":{"line":137,"column":59}},{"start":{"line":137,"column":63},"end":{"line":137,"column":72}}],"line":137},"12":{"loc":{"start":{"line":156,"column":2},"end":{"line":163,"column":3}},"type":"if","locations":[{"start":{"line":156,"column":2},"end":{"line":163,"column":3}},{"start":{},"end":{}}],"line":156},"13":{"loc":{"start":{"line":176,"column":15},"end":{"line":176,"column":30}},"type":"binary-expr","locations":[{"start":{"line":176,"column":15},"end":{"line":176,"column":22}},{"start":{"line":176,"column":26},"end":{"line":176,"column":30}}],"line":176},"14":{"loc":{"start":{"line":181,"column":19},"end":{"line":181,"column":59}},"type":"cond-expr","locations":[{"start":{"line":181,"column":47},"end":{"line":181,"column":52}},{"start":{"line":181,"column":55},"end":{"line":181,"column":59}}],"line":181},"15":{"loc":{"start":{"line":188,"column":12},"end":{"line":188,"column":70}},"type":"binary-expr","locations":[{"start":{"line":188,"column":12},"end":{"line":188,"column":28}},{"start":{"line":188,"column":33},"end":{"line":188,"column":69}}],"line":188},"16":{"loc":{"start":{"line":188,"column":33},"end":{"line":188,"column":69}},"type":"cond-expr","locations":[{"start":{"line":188,"column":61},"end":{"line":188,"column":64}},{"start":{"line":188,"column":67},"end":{"line":188,"column":69}}],"line":188},"17":{"loc":{"start":{"line":211,"column":15},"end":{"line":211,"column":33}},"type":"binary-expr","locations":[{"start":{"line":211,"column":15},"end":{"line":211,"column":28}},{"start":{"line":211,"column":32},"end":{"line":211,"column":33}}],"line":211},"18":{"loc":{"start":{"line":220,"column":20},"end":{"line":220,"column":78}},"type":"binary-expr","locations":[{"start":{"line":220,"column":20},"end":{"line":220,"column":40}},{"start":{"line":220,"column":44},"end":{"line":220,"column":58}},{"start":{"line":220,"column":62},"end":{"line":220,"column":78}}],"line":220},"19":{"loc":{"start":{"line":222,"column":2},"end":{"line":224,"column":3}},"type":"if","locations":[{"start":{"line":222,"column":2},"end":{"line":224,"column":3}},{"start":{},"end":{}}],"line":222},"20":{"loc":{"start":{"line":229,"column":19},"end":{"line":229,"column":69}},"type":"binary-expr","locations":[{"start":{"line":229,"column":19},"end":{"line":229,"column":37}},{"start":{"line":229,"column":41},"end":{"line":229,"column":56}},{"start":{"line":229,"column":60},"end":{"line":229,"column":69}}],"line":229},"21":{"loc":{"start":{"line":231,"column":2},"end":{"line":234,"column":3}},"type":"if","locations":[{"start":{"line":231,"column":2},"end":{"line":234,"column":3}},{"start":{},"end":{}}],"line":231},"22":{"loc":{"start":{"line":236,"column":2},"end":{"line":239,"column":3}},"type":"if","locations":[{"start":{"line":236,"column":2},"end":{"line":239,"column":3}},{"start":{},"end":{}}],"line":236},"23":{"loc":{"start":{"line":247,"column":22},"end":{"line":247,"column":61}},"type":"cond-expr","locations":[{"start":{"line":247,"column":35},"end":{"line":247,"column":55}},{"start":{"line":247,"column":58},"end":{"line":247,"column":61}}],"line":247},"24":{"loc":{"start":{"line":248,"column":22},"end":{"line":248,"column":63}},"type":"cond-expr","locations":[{"start":{"line":248,"column":35},"end":{"line":248,"column":56}},{"start":{"line":248,"column":59},"end":{"line":248,"column":63}}],"line":248},"25":{"loc":{"start":{"line":258,"column":8},"end":{"line":261,"column":9}},"type":"if","locations":[{"start":{"line":258,"column":8},"end":{"line":261,"column":9}},{"start":{},"end":{}}],"line":258},"26":{"loc":{"start":{"line":271,"column":6},"end":{"line":278,"column":7}},"type":"if","locations":[{"start":{"line":271,"column":6},"end":{"line":278,"column":7}},{"start":{"line":274,"column":13},"end":{"line":278,"column":7}}],"line":271},"27":{"loc":{"start":{"line":274,"column":13},"end":{"line":278,"column":7}},"type":"if","locations":[{"start":{"line":274,"column":13},"end":{"line":278,"column":7}},{"start":{"line":276,"column":13},"end":{"line":278,"column":7}}],"line":274},"28":{"loc":{"start":{"line":281,"column":4},"end":{"line":287,"column":5}},"type":"if","locations":[{"start":{"line":281,"column":4},"end":{"line":287,"column":5}},{"start":{},"end":{}}],"line":281},"29":{"loc":{"start":{"line":293,"column":0},"end":{"line":295,"column":1}},"type":"if","locations":[{"start":{"line":293,"column":0},"end":{"line":295,"column":1}},{"start":{},"end":{}}],"line":293}},"s":{"0":44,"1":44,"2":44,"3":44,"4":44,"5":44,"6":44,"7":44,"8":39,"9":39,"10":5,"11":5,"12":3,"13":3,"14":44,"15":44,"16":44,"17":44,"18":44,"19":44,"20":44,"21":44,"22":44,"23":44,"24":44,"25":44,"26":44,"27":44,"28":1848,"29":660,"30":660,"31":660,"32":44,"33":0,"34":11,"35":11,"36":11,"37":7,"38":8,"39":8,"40":8,"41":2,"42":6,"43":6,"44":2,"45":4,"46":4,"47":1,"48":3,"49":3,"50":3,"51":2,"52":1,"53":9,"54":9,"55":9,"56":9,"57":9,"58":9,"59":1,"60":7,"61":7,"62":3,"63":3,"64":3,"65":4,"66":4,"67":2,"68":2,"69":2,"70":2,"71":2,"72":2,"73":2,"74":1,"75":1,"76":1,"77":1,"78":1,"79":1,"80":0,"81":2,"82":2,"83":0,"84":0,"85":2,"86":2,"87":0,"88":0,"89":44,"90":0,"91":0,"92":0,"93":0,"94":0,"95":0,"96":0,"97":0,"98":0,"99":0,"100":0,"101":0,"102":0,"103":0,"104":0,"105":0,"106":0,"107":0,"108":0,"109":0,"110":0,"111":0,"112":0,"113":0,"114":0,"115":0,"116":0,"117":0,"118":0,"119":0,"120":0,"121":0,"122":0,"123":0,"124":0,"125":0,"126":44,"127":0,"128":44},"f":{"0":44,"1":44,"2":1848,"3":11,"4":8,"5":9,"6":7,"7":2,"8":2,"9":1,"10":1,"11":1,"12":0,"13":0,"14":0,"15":0,"16":0},"b":{"0":[44,44],"1":[3,2],"2":[44,44],"3":[44,44],"4":[44,0],"5":[6,6],"6":[2,4],"7":[6,5],"8":[1,3],"9":[2,1],"10":[3,2],"11":[9,3,0],"12":[3,4],"13":[2,2],"14":[0,2],"15":[2,0],"16":[0,0],"17":[0,0],"18":[0,0,0],"19":[0,0],"20":[0,0,0],"21":[0,0],"22":[0,0],"23":[0,0],"24":[0,0],"25":[0,0],"26":[0,0],"27":[0,0],"28":[0,0],"29":[0,44]},"_coverageSchema":"1a1c01bbd47fc00a2c39e90264f33305004495a9","hash":"0c6c4167c1dd6ed40c98637bf15a754c34cb5744"}
}
