{"/mnt/c/Gayathri/Cidas/intercept/npm-shim.js": {"path":"/mnt/c/Gayathri/Cidas/intercept/npm-shim.js","statementMap":{"0":{"start":{"line":32,"column":15},"end":{"line":32,"column":43}},"1":{"start":{"line":43,"column":18},"end":{"line":43,"column":35}},"2":{"start":{"line":44,"column":14},"end":{"line":44,"column":27}},"3":{"start":{"line":45,"column":15},"end":{"line":45,"column":72}},"4":{"start":{"line":46,"column":2},"end":{"line":46,"column":73}},"5":{"start":{"line":53,"column":0},"end":{"line":68,"column":1}},"6":{"start":{"line":54,"column":14},"end":{"line":54,"column":27}},"7":{"start":{"line":55,"column":16},"end":{"line":55,"column":31}},"8":{"start":{"line":56,"column":14},"end":{"line":56,"column":27}},"9":{"start":{"line":58,"column":15},"end":{"line":58,"column":43}},"10":{"start":{"line":59,"column":19},"end":{"line":59,"column":54}},"11":{"start":{"line":60,"column":2},"end":{"line":60,"column":70}},"12":{"start":{"line":60,"column":8},"end":{"line":60,"column":53}},"13":{"start":{"line":61,"column":19},"end":{"line":61,"column":85}},"14":{"start":{"line":62,"column":2},"end":{"line":62,"column":58}},"15":{"start":{"line":65,"column":2},"end":{"line":65,"column":56}},"16":{"start":{"line":65,"column":8},"end":{"line":65,"column":39}},"17":{"start":{"line":66,"column":2},"end":{"line":66,"column":87}},"18":{"start":{"line":67,"column":2},"end":{"line":67,"column":18}},"19":{"start":{"line":75,"column":0},"end":{"line":107,"column":5}},"20":{"start":{"line":76,"column":18},"end":{"line":76,"column":31}},"21":{"start":{"line":77,"column":18},"end":{"line":77,"column":33}},"22":{"start":{"line":78,"column":18},"end":{"line":78,"column":31}},"23":{"start":{"line":80,"column":19},"end":{"line":81,"column":56}},"24":{"start":{"line":84,"column":2},"end":{"line":94,"column":3}},"25":{"start":{"line":86,"column":4},"end":{"line":86,"column":74}},"26":{"start":{"line":88,"column":4},"end":{"line":92,"column":6}},"27":{"start":{"line":93,"column":4},"end":{"line":93,"column":11}},"28":{"start":{"line":96,"column":17},"end":{"line":96,"column":45}},"29":{"start":{"line":98,"column":2},"end":{"line":106,"column":3}},"30":{"start":{"line":99,"column":4},"end":{"line":104,"column":6}},"31":{"start":{"line":105,"column":4},"end":{"line":105,"column":20}},"32":{"start":{"line":109,"column":22},"end":{"line":109,"column":46}},"33":{"start":{"line":110,"column":14},"end":{"line":110,"column":29}},"34":{"start":{"line":111,"column":14},"end":{"line":111,"column":30}},"35":{"start":{"line":112,"column":14},"end":{"line":112,"column":29}},"36":{"start":{"line":113,"column":14},"end":{"line":113,"column":27}},"37":{"start":{"line":114,"column":14},"end":{"line":114,"column":27}},"38":{"start":{"line":116,"column":19},"end":{"line":116,"column":74}},"39":{"start":{"line":117,"column":19},"end":{"line":117,"column":52}},"40":{"start":{"line":118,"column":19},"end":{"line":118,"column":63}},"41":{"start":{"line":119,"column":19},"end":{"line":120,"column":51}},"42":{"start":{"line":129,"column":16},"end":{"line":129,"column":61}},"43":{"start":{"line":130,"column":2},"end":{"line":134,"column":18}},"44":{"start":{"line":131,"column":12},"end":{"line":131,"column":49}},"45":{"start":{"line":132,"column":4},"end":{"line":132,"column":69}},"46":{"start":{"line":132,"column":57},"end":{"line":132,"column":69}},"47":{"start":{"line":133,"column":4},"end":{"line":133,"column":20}},"48":{"start":{"line":133,"column":11},"end":{"line":133,"column":20}},"49":{"start":{"line":138,"column":25},"end":{"line":138,"column":73}},"50":{"start":{"line":139,"column":18},"end":{"line":139,"column":47}},"51":{"start":{"line":140,"column":2},"end":{"line":145,"column":3}},"52":{"start":{"line":140,"column":81},"end":{"line":140,"column":94}},"53":{"start":{"line":141,"column":4},"end":{"line":144,"column":5}},"54":{"start":{"line":142,"column":19},"end":{"line":142,"column":39}},"55":{"start":{"line":143,"column":6},"end":{"line":143,"column":81}},"56":{"start":{"line":143,"column":12},"end":{"line":143,"column":51}},"57":{"start":{"line":143,"column":52},"end":{"line":143,"column":64}},"58":{"start":{"line":146,"column":2},"end":{"line":146,"column":36}},"59":{"start":{"line":151,"column":21},"end":{"line":151,"column":69}},"60":{"start":{"line":152,"column":2},"end":{"line":156,"column":3}},"61":{"start":{"line":153,"column":4},"end":{"line":153,"column":59}},"62":{"start":{"line":155,"column":4},"end":{"line":155,"column":14}},"63":{"start":{"line":165,"column":20},"end":{"line":165,"column":75}},"64":{"start":{"line":167,"column":2},"end":{"line":171,"column":3}},"65":{"start":{"line":168,"column":4},"end":{"line":168,"column":59}},"66":{"start":{"line":170,"column":4},"end":{"line":170,"column":16}},"67":{"start":{"line":173,"column":19},"end":{"line":173,"column":58}},"68":{"start":{"line":174,"column":16},"end":{"line":174,"column":40}},"69":{"start":{"line":175,"column":2},"end":{"line":175,"column":55}},"70":{"start":{"line":175,"column":43},"end":{"line":175,"column":55}},"71":{"start":{"line":177,"column":13},"end":{"line":177,"column":40}},"72":{"start":{"line":178,"column":2},"end":{"line":178,"column":40}},"73":{"start":{"line":178,"column":28},"end":{"line":178,"column":40}},"74":{"start":{"line":179,"column":19},"end":{"line":179,"column":48}},"75":{"start":{"line":180,"column":19},"end":{"line":180,"column":42}},"76":{"start":{"line":181,"column":2},"end":{"line":181,"column":69}},"77":{"start":{"line":181,"column":57},"end":{"line":181,"column":69}},"78":{"start":{"line":183,"column":2},"end":{"line":183,"column":15}},"79":{"start":{"line":192,"column":19},"end":{"line":192,"column":52}},"80":{"start":{"line":193,"column":2},"end":{"line":193,"column":69}},"81":{"start":{"line":193,"column":8},"end":{"line":193,"column":52}},"82":{"start":{"line":194,"column":16},"end":{"line":200,"column":4}},"83":{"start":{"line":201,"column":2},"end":{"line":205,"column":3}},"84":{"start":{"line":202,"column":4},"end":{"line":202,"column":70}},"85":{"start":{"line":204,"column":4},"end":{"line":204,"column":104}},"86":{"start":{"line":216,"column":17},"end":{"line":216,"column":35}},"87":{"start":{"line":217,"column":2},"end":{"line":224,"column":3}},"88":{"start":{"line":218,"column":4},"end":{"line":221,"column":6}},"89":{"start":{"line":222,"column":4},"end":{"line":222,"column":20}},"90":{"start":{"line":223,"column":4},"end":{"line":223,"column":11}},"91":{"start":{"line":225,"column":2},"end":{"line":225,"column":31}},"92":{"start":{"line":226,"column":2},"end":{"line":229,"column":4}},"93":{"start":{"line":238,"column":2},"end":{"line":243,"column":3}},"94":{"start":{"line":239,"column":14},"end":{"line":239,"column":56}},"95":{"start":{"line":240,"column":4},"end":{"line":240,"column":21}},"96":{"start":{"line":242,"column":4},"end":{"line":242,"column":16}},"97":{"start":{"line":247,"column":2},"end":{"line":284,"column":5}},"98":{"start":{"line":248,"column":19},"end":{"line":248,"column":54}},"99":{"start":{"line":249,"column":19},"end":{"line":256,"column":6}},"100":{"start":{"line":257,"column":19},"end":{"line":257,"column":59}},"101":{"start":{"line":258,"column":19},"end":{"line":258,"column":37}},"102":{"start":{"line":259,"column":20},"end":{"line":263,"column":5}},"103":{"start":{"line":264,"column":20},"end":{"line":271,"column":5}},"104":{"start":{"line":272,"column":16},"end":{"line":279,"column":6}},"105":{"start":{"line":273,"column":17},"end":{"line":273,"column":19}},"106":{"start":{"line":274,"column":6},"end":{"line":274,"column":52}},"107":{"start":{"line":274,"column":34},"end":{"line":274,"column":48}},"108":{"start":{"line":275,"column":6},"end":{"line":278,"column":9}},"109":{"start":{"line":276,"column":8},"end":{"line":277,"column":87}},"110":{"start":{"line":276,"column":14},"end":{"line":276,"column":40}},"111":{"start":{"line":277,"column":16},"end":{"line":277,"column":85}},"112":{"start":{"line":280,"column":4},"end":{"line":280,"column":28}},"113":{"start":{"line":281,"column":4},"end":{"line":281,"column":106}},"114":{"start":{"line":281,"column":30},"end":{"line":281,"column":44}},"115":{"start":{"line":281,"column":45},"end":{"line":281,"column":102}},"116":{"start":{"line":282,"column":4},"end":{"line":282,"column":20}},"117":{"start":{"line":283,"column":4},"end":{"line":283,"column":14}},"118":{"start":{"line":292,"column":17},"end":{"line":292,"column":79}},"119":{"start":{"line":293,"column":2},"end":{"line":293,"column":35}},"120":{"start":{"line":303,"column":2},"end":{"line":303,"column":27}},"121":{"start":{"line":303,"column":14},"end":{"line":303,"column":27}},"122":{"start":{"line":304,"column":2},"end":{"line":304,"column":75}},"123":{"start":{"line":304,"column":63},"end":{"line":304,"column":75}},"124":{"start":{"line":305,"column":17},"end":{"line":305,"column":35}},"125":{"start":{"line":306,"column":2},"end":{"line":306,"column":52}},"126":{"start":{"line":315,"column":19},"end":{"line":315,"column":38}},"127":{"start":{"line":316,"column":2},"end":{"line":333,"column":5}},"128":{"start":{"line":317,"column":15},"end":{"line":320,"column":6}},"129":{"start":{"line":321,"column":4},"end":{"line":325,"column":7}},"130":{"start":{"line":322,"column":6},"end":{"line":322,"column":17}},"131":{"start":{"line":323,"column":6},"end":{"line":323,"column":84}},"132":{"start":{"line":324,"column":6},"end":{"line":324,"column":22}},"133":{"start":{"line":326,"column":4},"end":{"line":332,"column":6}},"134":{"start":{"line":329,"column":8},"end":{"line":329,"column":19}},"135":{"start":{"line":330,"column":8},"end":{"line":330,"column":67}},"136":{"start":{"line":338,"column":13},"end":{"line":338,"column":34}},"137":{"start":{"line":341,"column":20},"end":{"line":341,"column":27}},"138":{"start":{"line":342,"column":20},"end":{"line":342,"column":78}},"139":{"start":{"line":344,"column":2},"end":{"line":346,"column":3}},"140":{"start":{"line":345,"column":4},"end":{"line":345,"column":19}},"141":{"start":{"line":349,"column":19},"end":{"line":351,"column":70}},"142":{"start":{"line":351,"column":19},"end":{"line":351,"column":69}},"143":{"start":{"line":353,"column":2},"end":{"line":356,"column":3}},"144":{"start":{"line":354,"column":4},"end":{"line":354,"column":28}},"145":{"start":{"line":355,"column":4},"end":{"line":355,"column":19}},"146":{"start":{"line":358,"column":2},"end":{"line":361,"column":3}},"147":{"start":{"line":360,"column":4},"end":{"line":360,"column":19}},"148":{"start":{"line":365,"column":2},"end":{"line":372,"column":3}},"149":{"start":{"line":366,"column":4},"end":{"line":370,"column":6}},"150":{"start":{"line":371,"column":4},"end":{"line":371,"column":20}},"151":{"start":{"line":374,"column":2},"end":{"line":460,"column":7}},"152":{"start":{"line":375,"column":18},"end":{"line":375,"column":23}},"153":{"start":{"line":377,"column":4},"end":{"line":449,"column":5}},"154":{"start":{"line":379,"column":21},"end":{"line":379,"column":41}},"155":{"start":{"line":380,"column":22},"end":{"line":380,"column":61}},"156":{"start":{"line":381,"column":22},"end":{"line":381,"column":63}},"157":{"start":{"line":383,"column":6},"end":{"line":383,"column":86}},"158":{"start":{"line":386,"column":6},"end":{"line":400,"column":7}},"159":{"start":{"line":387,"column":8},"end":{"line":387,"column":44}},"160":{"start":{"line":390,"column":23},"end":{"line":390,"column":56}},"161":{"start":{"line":391,"column":8},"end":{"line":394,"column":9}},"162":{"start":{"line":393,"column":10},"end":{"line":393,"column":19}},"163":{"start":{"line":395,"column":8},"end":{"line":398,"column":10}},"164":{"start":{"line":399,"column":8},"end":{"line":399,"column":17}},"165":{"start":{"line":402,"column":52},"end":{"line":402,"column":58}},"166":{"start":{"line":404,"column":6},"end":{"line":421,"column":7}},"167":{"start":{"line":405,"column":8},"end":{"line":405,"column":80}},"168":{"start":{"line":406,"column":8},"end":{"line":406,"column":23}},"169":{"start":{"line":407,"column":13},"end":{"line":421,"column":7}},"170":{"start":{"line":408,"column":8},"end":{"line":408,"column":80}},"171":{"start":{"line":409,"column":8},"end":{"line":418,"column":9}},"172":{"start":{"line":410,"column":28},"end":{"line":410,"column":50}},"173":{"start":{"line":411,"column":10},"end":{"line":417,"column":11}},"174":{"start":{"line":412,"column":12},"end":{"line":415,"column":14}},"175":{"start":{"line":416,"column":12},"end":{"line":416,"column":28}},"176":{"start":{"line":420,"column":8},"end":{"line":420,"column":78}},"177":{"start":{"line":424,"column":25},"end":{"line":424,"column":57}},"178":{"start":{"line":425,"column":6},"end":{"line":432,"column":7}},"179":{"start":{"line":426,"column":8},"end":{"line":428,"column":10}},"180":{"start":{"line":429,"column":8},"end":{"line":431,"column":9}},"181":{"start":{"line":430,"column":10},"end":{"line":430,"column":102}},"182":{"start":{"line":435,"column":30},"end":{"line":437,"column":7}},"183":{"start":{"line":436,"column":15},"end":{"line":436,"column":37}},"184":{"start":{"line":438,"column":6},"end":{"line":448,"column":7}},"185":{"start":{"line":439,"column":8},"end":{"line":441,"column":10}},"186":{"start":{"line":442,"column":8},"end":{"line":447,"column":9}},"187":{"start":{"line":443,"column":26},"end":{"line":443,"column":79}},"188":{"start":{"line":444,"column":10},"end":{"line":446,"column":12}},"189":{"start":{"line":451,"column":4},"end":{"line":457,"column":5}},"190":{"start":{"line":452,"column":6},"end":{"line":455,"column":8}},"191":{"start":{"line":456,"column":6},"end":{"line":456,"column":22}},"192":{"start":{"line":459,"column":4},"end":{"line":459,"column":19}},"193":{"start":{"line":463,"column":0},"end":{"line":465,"column":1}},"194":{"start":{"line":464,"column":2},"end":{"line":464,"column":10}},"195":{"start":{"line":467,"column":0},"end":{"line":476,"column":2}}},"fnMap":{"0":{"name":"_computeSelfHash","decl":{"start":{"line":42,"column":9},"end":{"line":42,"column":25}},"loc":{"start":{"line":42,"column":36},"end":{"line":47,"column":1}},"line":42},"1":{"name":"_integrityCheck","decl":{"start":{"line":75,"column":10},"end":{"line":75,"column":25}},"loc":{"start":{"line":75,"column":28},"end":{"line":107,"column":1}},"line":75},"2":{"name":"_findRealNpm","decl":{"start":{"line":124,"column":9},"end":{"line":124,"column":21}},"loc":{"start":{"line":124,"column":24},"end":{"line":147,"column":1}},"line":124},"3":{"name":"(anonymous_3)","decl":{"start":{"line":140,"column":74},"end":{"line":140,"column":75}},"loc":{"start":{"line":140,"column":81},"end":{"line":140,"column":94}},"line":140},"4":{"name":"_readCidasConfig","decl":{"start":{"line":150,"column":9},"end":{"line":150,"column":25}},"loc":{"start":{"line":150,"column":28},"end":{"line":157,"column":1}},"line":150},"5":{"name":"_checkOfflineCache","decl":{"start":{"line":164,"column":9},"end":{"line":164,"column":27}},"loc":{"start":{"line":164,"column":50},"end":{"line":184,"column":1}},"line":164},"6":{"name":"_writeAuditLog","decl":{"start":{"line":191,"column":9},"end":{"line":191,"column":23}},"loc":{"start":{"line":191,"column":38},"end":{"line":206,"column":1}},"line":191},"7":{"name":"_handleBypass","decl":{"start":{"line":215,"column":9},"end":{"line":215,"column":22}},"loc":{"start":{"line":215,"column":37},"end":{"line":230,"column":1}},"line":215},"8":{"name":"_readDaemonToken","decl":{"start":{"line":237,"column":9},"end":{"line":237,"column":25}},"loc":{"start":{"line":237,"column":28},"end":{"line":244,"column":1}},"line":237},"9":{"name":"_scan","decl":{"start":{"line":246,"column":9},"end":{"line":246,"column":14}},"loc":{"start":{"line":246,"column":30},"end":{"line":285,"column":1}},"line":246},"10":{"name":"(anonymous_10)","decl":{"start":{"line":247,"column":21},"end":{"line":247,"column":22}},"loc":{"start":{"line":247,"column":42},"end":{"line":284,"column":3}},"line":247},"11":{"name":"(anonymous_11)","decl":{"start":{"line":272,"column":37},"end":{"line":272,"column":38}},"loc":{"start":{"line":272,"column":46},"end":{"line":279,"column":5}},"line":272},"12":{"name":"(anonymous_12)","decl":{"start":{"line":274,"column":21},"end":{"line":274,"column":22}},"loc":{"start":{"line":274,"column":32},"end":{"line":274,"column":50}},"line":274},"13":{"name":"(anonymous_13)","decl":{"start":{"line":275,"column":20},"end":{"line":275,"column":21}},"loc":{"start":{"line":275,"column":26},"end":{"line":278,"column":7}},"line":275},"14":{"name":"(anonymous_14)","decl":{"start":{"line":281,"column":22},"end":{"line":281,"column":23}},"loc":{"start":{"line":281,"column":28},"end":{"line":281,"column":104}},"line":281},"15":{"name":"_passthrough","decl":{"start":{"line":287,"column":9},"end":{"line":287,"column":21}},"loc":{"start":{"line":287,"column":24},"end":{"line":294,"column":1}},"line":287},"16":{"name":"_shouldPromptForWarn","decl":{"start":{"line":302,"column":9},"end":{"line":302,"column":29}},"loc":{"start":{"line":302,"column":49},"end":{"line":307,"column":1}},"line":302},"17":{"name":"_promptProceed","decl":{"start":{"line":314,"column":9},"end":{"line":314,"column":23}},"loc":{"start":{"line":314,"column":26},"end":{"line":334,"column":1}},"line":314},"18":{"name":"(anonymous_18)","decl":{"start":{"line":316,"column":21},"end":{"line":316,"column":22}},"loc":{"start":{"line":316,"column":34},"end":{"line":333,"column":3}},"line":316},"19":{"name":"(anonymous_19)","decl":{"start":{"line":321,"column":20},"end":{"line":321,"column":21}},"loc":{"start":{"line":321,"column":26},"end":{"line":325,"column":5}},"line":321},"20":{"name":"(anonymous_20)","decl":{"start":{"line":328,"column":6},"end":{"line":328,"column":7}},"loc":{"start":{"line":328,"column":18},"end":{"line":331,"column":7}},"line":328},"21":{"name":"_main","decl":{"start":{"line":340,"column":9},"end":{"line":340,"column":14}},"loc":{"start":{"line":340,"column":17},"end":{"line":461,"column":1}},"line":340},"22":{"name":"(anonymous_22)","decl":{"start":{"line":351,"column":12},"end":{"line":351,"column":13}},"loc":{"start":{"line":351,"column":19},"end":{"line":351,"column":69}},"line":351},"23":{"name":"(anonymous_23)","decl":{"start":{"line":374,"column":3},"end":{"line":374,"column":4}},"loc":{"start":{"line":374,"column":15},"end":{"line":460,"column":3}},"line":374},"24":{"name":"(anonymous_24)","decl":{"start":{"line":436,"column":8},"end":{"line":436,"column":9}},"loc":{"start":{"line":436,"column":15},"end":{"line":436,"column":37}},"line":436}},"branchMap":{"0":{"loc":{"start":{"line":53,"column":0},"end":{"line":68,"column":1}},"type":"if","locations":[{"start":{"line":53,"column":0},"end":{"line":68,"column":1}},{"start":{},"end":{}}],"line":53},"1":{"loc":{"start":{"line":61,"column":19},"end":{"line":61,"column":85}},"type":"binary-expr","locations":[{"start":{"line":61,"column":19},"end":{"line":61,"column":46}},{"start":{"line":61,"column":50},"end":{"line":61,"column":85}}],"line":61},"2":{"loc":{"start":{"line":80,"column":19},"end":{"line":81,"column":56}},"type":"binary-expr","locations":[{"start":{"line":80,"column":19},"end":{"line":80,"column":46}},{"start":{"line":81,"column":4},"end":{"line":81,"column":56}}],"line":80},"3":{"loc":{"start":{"line":98,"column":2},"end":{"line":106,"column":3}},"type":"if","locations":[{"start":{"line":98,"column":2},"end":{"line":106,"column":3}},{"start":{},"end":{}}],"line":98},"4":{"loc":{"start":{"line":116,"column":19},"end":{"line":116,"column":74}},"type":"binary-expr","locations":[{"start":{"line":116,"column":19},"end":{"line":116,"column":47}},{"start":{"line":116,"column":51},"end":{"line":116,"column":74}}],"line":116},"5":{"loc":{"start":{"line":118,"column":19},"end":{"line":118,"column":63}},"type":"binary-expr","locations":[{"start":{"line":118,"column":19},"end":{"line":118,"column":45}},{"start":{"line":118,"column":49},"end":{"line":118,"column":63}}],"line":118},"6":{"loc":{"start":{"line":119,"column":19},"end":{"line":120,"column":51}},"type":"binary-expr","locations":[{"start":{"line":119,"column":19},"end":{"line":119,"column":47}},{"start":{"line":120,"column":2},"end":{"line":120,"column":51}}],"line":119},"7":{"loc":{"start":{"line":132,"column":4},"end":{"line":132,"column":69}},"type":"if","locations":[{"start":{"line":132,"column":4},"end":{"line":132,"column":69}},{"start":{},"end":{}}],"line":132},"8":{"loc":{"start":{"line":132,"column":8},"end":{"line":132,"column":55}},"type":"binary-expr","locations":[{"start":{"line":132,"column":8},"end":{"line":132,"column":14}},{"start":{"line":132,"column":18},"end":{"line":132,"column":19}},{"start":{"line":132,"column":23},"end":{"line":132,"column":55}}],"line":132},"9":{"loc":{"start":{"line":133,"column":4},"end":{"line":133,"column":20}},"type":"if","locations":[{"start":{"line":133,"column":4},"end":{"line":133,"column":20}},{"start":{},"end":{}}],"line":133},"10":{"loc":{"start":{"line":138,"column":25},"end":{"line":138,"column":73}},"type":"cond-expr","locations":[{"start":{"line":138,"column":34},"end":{"line":138,"column":63}},{"start":{"line":138,"column":66},"end":{"line":138,"column":73}}],"line":138},"11":{"loc":{"start":{"line":140,"column":21},"end":{"line":140,"column":43}},"type":"binary-expr","locations":[{"start":{"line":140,"column":21},"end":{"line":140,"column":37}},{"start":{"line":140,"column":41},"end":{"line":140,"column":43}}],"line":140},"12":{"loc":{"start":{"line":146,"column":9},"end":{"line":146,"column":35}},"type":"cond-expr","locations":[{"start":{"line":146,"column":18},"end":{"line":146,"column":27}},{"start":{"line":146,"column":30},"end":{"line":146,"column":35}}],"line":146},"13":{"loc":{"start":{"line":173,"column":37},"end":{"line":173,"column":56}},"type":"binary-expr","locations":[{"start":{"line":173,"column":37},"end":{"line":173,"column":44}},{"start":{"line":173,"column":48},"end":{"line":173,"column":56}}],"line":173},"14":{"loc":{"start":{"line":174,"column":16},"end":{"line":174,"column":40}},"type":"binary-expr","locations":[{"start":{"line":174,"column":16},"end":{"line":174,"column":21}},{"start":{"line":174,"column":25},"end":{"line":174,"column":40}}],"line":174},"15":{"loc":{"start":{"line":175,"column":2},"end":{"line":175,"column":55}},"type":"if","locations":[{"start":{"line":175,"column":2},"end":{"line":175,"column":55}},{"start":{},"end":{}}],"line":175},"16":{"loc":{"start":{"line":175,"column":6},"end":{"line":175,"column":41}},"type":"binary-expr","locations":[{"start":{"line":175,"column":6},"end":{"line":175,"column":12}},{"start":{"line":175,"column":16},"end":{"line":175,"column":41}}],"line":175},"17":{"loc":{"start":{"line":178,"column":2},"end":{"line":178,"column":40}},"type":"if","locations":[{"start":{"line":178,"column":2},"end":{"line":178,"column":40}},{"start":{},"end":{}}],"line":178},"18":{"loc":{"start":{"line":181,"column":2},"end":{"line":181,"column":69}},"type":"if","locations":[{"start":{"line":181,"column":2},"end":{"line":181,"column":69}},{"start":{},"end":{}}],"line":181},"19":{"loc":{"start":{"line":181,"column":6},"end":{"line":181,"column":55}},"type":"binary-expr","locations":[{"start":{"line":181,"column":6},"end":{"line":181,"column":32}},{"start":{"line":181,"column":36},"end":{"line":181,"column":55}}],"line":181},"20":{"loc":{"start":{"line":198,"column":19},"end":{"line":198,"column":72}},"type":"binary-expr","locations":[{"start":{"line":198,"column":19},"end":{"line":198,"column":35}},{"start":{"line":198,"column":39},"end":{"line":198,"column":59}},{"start":{"line":198,"column":63},"end":{"line":198,"column":72}}],"line":198},"21":{"loc":{"start":{"line":217,"column":2},"end":{"line":224,"column":3}},"type":"if","locations":[{"start":{"line":217,"column":2},"end":{"line":224,"column":3}},{"start":{},"end":{}}],"line":217},"22":{"loc":{"start":{"line":240,"column":11},"end":{"line":240,"column":20}},"type":"binary-expr","locations":[{"start":{"line":240,"column":11},"end":{"line":240,"column":12}},{"start":{"line":240,"column":16},"end":{"line":240,"column":20}}],"line":240},"23":{"loc":{"start":{"line":251,"column":15},"end":{"line":251,"column":30}},"type":"binary-expr","locations":[{"start":{"line":251,"column":15},"end":{"line":251,"column":22}},{"start":{"line":251,"column":26},"end":{"line":251,"column":30}}],"line":251},"24":{"loc":{"start":{"line":257,"column":19},"end":{"line":257,"column":59}},"type":"cond-expr","locations":[{"start":{"line":257,"column":47},"end":{"line":257,"column":52}},{"start":{"line":257,"column":55},"end":{"line":257,"column":59}}],"line":257},"25":{"loc":{"start":{"line":262,"column":10},"end":{"line":262,"column":61}},"type":"cond-expr","locations":[{"start":{"line":262,"column":18},"end":{"line":262,"column":56}},{"start":{"line":262,"column":59},"end":{"line":262,"column":61}}],"line":262},"26":{"loc":{"start":{"line":266,"column":12},"end":{"line":266,"column":70}},"type":"binary-expr","locations":[{"start":{"line":266,"column":12},"end":{"line":266,"column":28}},{"start":{"line":266,"column":33},"end":{"line":266,"column":69}}],"line":266},"27":{"loc":{"start":{"line":266,"column":33},"end":{"line":266,"column":69}},"type":"cond-expr","locations":[{"start":{"line":266,"column":61},"end":{"line":266,"column":64}},{"start":{"line":266,"column":67},"end":{"line":266,"column":69}}],"line":266},"28":{"loc":{"start":{"line":293,"column":15},"end":{"line":293,"column":33}},"type":"binary-expr","locations":[{"start":{"line":293,"column":15},"end":{"line":293,"column":28}},{"start":{"line":293,"column":32},"end":{"line":293,"column":33}}],"line":293},"29":{"loc":{"start":{"line":303,"column":2},"end":{"line":303,"column":27}},"type":"if","locations":[{"start":{"line":303,"column":2},"end":{"line":303,"column":27}},{"start":{},"end":{}}],"line":303},"30":{"loc":{"start":{"line":304,"column":2},"end":{"line":304,"column":75}},"type":"if","locations":[{"start":{"line":304,"column":2},"end":{"line":304,"column":75}},{"start":{},"end":{}}],"line":304},"31":{"loc":{"start":{"line":304,"column":6},"end":{"line":304,"column":61}},"type":"binary-expr","locations":[{"start":{"line":304,"column":6},"end":{"line":304,"column":16}},{"start":{"line":304,"column":20},"end":{"line":304,"column":61}}],"line":304},"32":{"loc":{"start":{"line":342,"column":20},"end":{"line":342,"column":78}},"type":"binary-expr","locations":[{"start":{"line":342,"column":20},"end":{"line":342,"column":40}},{"start":{"line":342,"column":44},"end":{"line":342,"column":58}},{"start":{"line":342,"column":62},"end":{"line":342,"column":78}}],"line":342},"33":{"loc":{"start":{"line":344,"column":2},"end":{"line":346,"column":3}},"type":"if","locations":[{"start":{"line":344,"column":2},"end":{"line":346,"column":3}},{"start":{},"end":{}}],"line":344},"34":{"loc":{"start":{"line":351,"column":19},"end":{"line":351,"column":69}},"type":"binary-expr","locations":[{"start":{"line":351,"column":19},"end":{"line":351,"column":37}},{"start":{"line":351,"column":41},"end":{"line":351,"column":56}},{"start":{"line":351,"column":60},"end":{"line":351,"column":69}}],"line":351},"35":{"loc":{"start":{"line":353,"column":2},"end":{"line":356,"column":3}},"type":"if","locations":[{"start":{"line":353,"column":2},"end":{"line":356,"column":3}},{"start":{},"end":{}}],"line":353},"36":{"loc":{"start":{"line":358,"column":2},"end":{"line":361,"column":3}},"type":"if","locations":[{"start":{"line":358,"column":2},"end":{"line":361,"column":3}},{"start":{},"end":{}}],"line":358},"37":{"loc":{"start":{"line":365,"column":2},"end":{"line":372,"column":3}},"type":"if","locations":[{"start":{"line":365,"column":2},"end":{"line":372,"column":3}},{"start":{},"end":{}}],"line":365},"38":{"loc":{"start":{"line":380,"column":22},"end":{"line":380,"column":61}},"type":"cond-expr","locations":[{"start":{"line":380,"column":35},"end":{"line":380,"column":55}},{"start":{"line":380,"column":58},"end":{"line":380,"column":61}}],"line":380},"39":{"loc":{"start":{"line":381,"column":22},"end":{"line":381,"column":63}},"type":"cond-expr","locations":[{"start":{"line":381,"column":35},"end":{"line":381,"column":56}},{"start":{"line":381,"column":59},"end":{"line":381,"column":63}}],"line":381},"40":{"loc":{"start":{"line":391,"column":8},"end":{"line":394,"column":9}},"type":"if","locations":[{"start":{"line":391,"column":8},"end":{"line":394,"column":9}},{"start":{},"end":{}}],"line":391},"41":{"loc":{"start":{"line":404,"column":6},"end":{"line":421,"column":7}},"type":"if","locations":[{"start":{"line":404,"column":6},"end":{"line":421,"column":7}},{"start":{"line":407,"column":13},"end":{"line":421,"column":7}}],"line":404},"42":{"loc":{"start":{"line":407,"column":13},"end":{"line":421,"column":7}},"type":"if","locations":[{"start":{"line":407,"column":13},"end":{"line":421,"column":7}},{"start":{"line":419,"column":13},"end":{"line":421,"column":7}}],"line":407},"43":{"loc":{"start":{"line":409,"column":8},"end":{"line":418,"column":9}},"type":"if","locations":[{"start":{"line":409,"column":8},"end":{"line":418,"column":9}},{"start":{},"end":{}}],"line":409},"44":{"loc":{"start":{"line":411,"column":10},"end":{"line":417,"column":11}},"type":"if","locations":[{"start":{"line":411,"column":10},"end":{"line":417,"column":11}},{"start":{},"end":{}}],"line":411},"45":{"loc":{"start":{"line":424,"column":25},"end":{"line":424,"column":57}},"type":"binary-expr","locations":[{"start":{"line":424,"column":25},"end":{"line":424,"column":51}},{"start":{"line":424,"column":55},"end":{"line":424,"column":57}}],"line":424},"46":{"loc":{"start":{"line":425,"column":6},"end":{"line":432,"column":7}},"type":"if","locations":[{"start":{"line":425,"column":6},"end":{"line":432,"column":7}},{"start":{},"end":{}}],"line":425},"47":{"loc":{"start":{"line":427,"column":104},"end":{"line":427,"column":141}},"type":"cond-expr","locations":[{"start":{"line":427,"column":130},"end":{"line":427,"column":133}},{"start":{"line":427,"column":136},"end":{"line":427,"column":141}}],"line":427},"48":{"loc":{"start":{"line":435,"column":31},"end":{"line":435,"column":60}},"type":"binary-expr","locations":[{"start":{"line":435,"column":31},"end":{"line":435,"column":54}},{"start":{"line":435,"column":58},"end":{"line":435,"column":60}}],"line":435},"49":{"loc":{"start":{"line":438,"column":6},"end":{"line":448,"column":7}},"type":"if","locations":[{"start":{"line":438,"column":6},"end":{"line":448,"column":7}},{"start":{},"end":{}}],"line":438},"50":{"loc":{"start":{"line":440,"column":96},"end":{"line":440,"column":138}},"type":"cond-expr","locations":[{"start":{"line":440,"column":127},"end":{"line":440,"column":130}},{"start":{"line":440,"column":133},"end":{"line":440,"column":138}}],"line":440},"51":{"loc":{"start":{"line":443,"column":26},"end":{"line":443,"column":79}},"type":"cond-expr","locations":[{"start":{"line":443,"column":45},"end":{"line":443,"column":74}},{"start":{"line":443,"column":77},"end":{"line":443,"column":79}}],"line":443},"52":{"loc":{"start":{"line":451,"column":4},"end":{"line":457,"column":5}},"type":"if","locations":[{"start":{"line":451,"column":4},"end":{"line":457,"column":5}},{"start":{},"end":{}}],"line":451},"53":{"loc":{"start":{"line":463,"column":0},"end":{"line":465,"column":1}},"type":"if","locations":[{"start":{"line":463,"column":0},"end":{"line":465,"column":1}},{"start":{},"end":{}}],"line":463}},"s":{"0":57,"1":10,"2":10,"3":10,"4":10,"5":57,"6":0,"7":0,"8":0,"9":0,"10":0,"11":0,"12":0,"13":0,"14":0,"15":0,"16":0,"17":0,"18":0,"19":57,"20":57,"21":57,"22":57,"23":57,"24":57,"25":57,"26":47,"27":47,"28":10,"29":10,"30":8,"31":8,"32":57,"33":57,"34":57,"35":57,"36":57,"37":57,"38":57,"39":57,"40":57,"41":57,"42":57,"43":57,"44":57,"45":57,"46":0,"47":57,"48":57,"49":0,"50":0,"51":0,"52":0,"53":0,"54":0,"55":0,"56":0,"57":0,"58":0,"59":15,"60":15,"61":15,"62":10,"63":8,"64":8,"65":8,"66":1,"67":7,"68":7,"69":7,"70":5,"71":2,"72":2,"73":0,"74":2,"75":2,"76":2,"77":1,"78":1,"79":9,"80":9,"81":9,"82":9,"83":9,"84":9,"85":1,"86":7,"87":7,"88":3,"89":3,"90":3,"91":4,"92":4,"93":2,"94":2,"95":2,"96":0,"97":2,"98":2,"99":2,"100":2,"101":2,"102":2,"103":2,"104":2,"105":1,"106":1,"107":1,"108":1,"109":1,"110":1,"111":0,"112":2,"113":2,"114":0,"115":0,"116":2,"117":2,"118":0,"119":0,"120":6,"121":1,"122":5,"123":1,"124":4,"125":4,"126":7,"127":7,"128":7,"129":7,"130":1,"131":1,"132":1,"133":7,"134":6,"135":6,"136":57,"137":0,"138":0,"139":0,"140":0,"141":0,"142":0,"143":0,"144":0,"145":0,"146":0,"147":0,"148":0,"149":0,"150":0,"151":0,"152":0,"153":0,"154":0,"155":0,"156":0,"157":0,"158":0,"159":0,"160":0,"161":0,"162":0,"163":0,"164":0,"165":0,"166":0,"167":0,"168":0,"169":0,"170":0,"171":0,"172":0,"173":0,"174":0,"175":0,"176":0,"177":0,"178":0,"179":0,"180":0,"181":0,"182":0,"183":0,"184":0,"185":0,"186":0,"187":0,"188":0,"189":0,"190":0,"191":0,"192":0,"193":57,"194":0,"195":57},"f":{"0":10,"1":57,"2":57,"3":0,"4":15,"5":8,"6":9,"7":7,"8":2,"9":2,"10":2,"11":1,"12":1,"13":1,"14":0,"15":0,"16":6,"17":7,"18":7,"19":1,"20":6,"21":0,"22":0,"23":0,"24":0},"b":{"0":[0,57],"1":[0,0],"2":[57,57],"3":[8,2],"4":[57,57],"5":[57,57],"6":[57,57],"7":[0,57],"8":[57,0,0],"9":[57,0],"10":[0,0],"11":[0,0],"12":[0,0],"13":[7,7],"14":[7,7],"15":[5,2],"16":[7,2],"17":[0,2],"18":[1,1],"19":[2,2],"20":[9,1,0],"21":[3,4],"22":[2,0],"23":[2,2],"24":[0,2],"25":[2,0],"26":[2,0],"27":[0,0],"28":[0,0],"29":[1,5],"30":[1,4],"31":[5,4],"32":[0,0,0],"33":[0,0],"34":[0,0,0],"35":[0,0],"36":[0,0],"37":[0,0],"38":[0,0],"39":[0,0],"40":[0,0],"41":[0,0],"42":[0,0],"43":[0,0],"44":[0,0],"45":[0,0],"46":[0,0],"47":[0,0],"48":[0,0],"49":[0,0],"50":[0,0],"51":[0,0],"52":[0,0],"53":[0,57]},"_coverageSchema":"1a1c01bbd47fc00a2c39e90264f33305004495a9","hash":"599555e52612cc385940ef3cdb273ff8886cedfd"}
}
