TN:
SF:npm-shim.js
FN:29,_integrityCheck
FN:79,_findRealNpm
FN:83,(anonymous_2)
FN:91,_readCidasConfig
FN:105,_checkOfflineCache
FN:130,_writeAuditLog
FN:154,_handleBypass
FN:171,_scan
FN:172,(anonymous_8)
FN:194,(anonymous_9)
FN:196,(anonymous_10)
FN:197,(anonymous_11)
FN:203,(anonymous_12)
FN:209,_passthrough
FN:218,_main
FN:229,(anonymous_15)
FN:241,(anonymous_16)
FNF:17
FNH:12
FNDA:44,_integrityCheck
FNDA:44,_findRealNpm
FNDA:1848,(anonymous_2)
FNDA:11,_readCidasConfig
FNDA:8,_checkOfflineCache
FNDA:9,_writeAuditLog
FNDA:7,_handleBypass
FNDA:2,_scan
FNDA:2,(anonymous_8)
FNDA:1,(anonymous_9)
FNDA:1,(anonymous_10)
FNDA:1,(anonymous_11)
FNDA:0,(anonymous_12)
FNDA:0,_passthrough
FNDA:0,_main
FNDA:0,(anonymous_15)
FNDA:0,(anonymous_16)
DA:29,44
DA:30,44
DA:31,44
DA:32,44
DA:33,44
DA:35,44
DA:39,44
DA:41,44
DA:43,39
DA:47,39
DA:50,5
DA:55,5
DA:56,3
DA:62,3
DA:66,44
DA:67,44
DA:68,44
DA:69,44
DA:70,44
DA:71,44
DA:73,44
DA:74,44
DA:75,44
DA:80,44
DA:81,44
DA:82,44
DA:83,1848
DA:84,660
DA:85,660
DA:87,0
DA:92,11
DA:93,11
DA:94,11
DA:96,7
DA:106,8
DA:108,8
DA:109,8
DA:111,2
DA:113,6
DA:114,6
DA:116,4
DA:117,4
DA:118,3
DA:119,3
DA:120,3
DA:122,1
DA:131,9
DA:132,9
DA:133,9
DA:140,9
DA:141,9
DA:143,1
DA:155,7
DA:156,7
DA:157,3
DA:161,3
DA:162,3
DA:164,4
DA:165,4
DA:172,2
DA:173,2
DA:174,2
DA:181,2
DA:182,2
DA:186,2
DA:194,2
DA:195,1
DA:196,1
DA:197,1
DA:198,1
DA:199,0
DA:202,2
DA:203,2
DA:204,2
DA:205,2
DA:210,0
DA:211,0
DA:216,44
DA:219,0
DA:220,0
DA:222,0
DA:223,0
DA:227,0
DA:229,0
DA:231,0
DA:232,0
DA:233,0
DA:236,0
DA:238,0
DA:241,0
DA:242,0
DA:244,0
DA:246,0
DA:247,0
DA:248,0
DA:250,0
DA:253,0
DA:254,0
DA:257,0
DA:258,0
DA:260,0
DA:262,0
DA:266,0
DA:269,0
DA:271,0
DA:272,0
DA:273,0
DA:274,0
DA:275,0
DA:277,0
DA:281,0
DA:282,0
DA:286,0
DA:289,0
DA:293,44
DA:294,0
DA:297,44
LF:117
LH:76
BRDA:35,0,0,44
BRDA:35,0,1,44
BRDA:55,1,0,3
BRDA:55,1,1,2
BRDA:73,2,0,44
BRDA:73,2,1,44
BRDA:75,3,0,44
BRDA:75,3,1,44
BRDA:83,4,0,44
BRDA:83,4,1,0
BRDA:113,5,0,6
BRDA:113,5,1,6
BRDA:114,6,0,2
BRDA:114,6,1,4
BRDA:114,7,0,6
BRDA:114,7,1,5
BRDA:117,8,0,1
BRDA:117,8,1,3
BRDA:120,9,0,2
BRDA:120,9,1,1
BRDA:120,10,0,3
BRDA:120,10,1,2
BRDA:137,11,0,9
BRDA:137,11,1,3
BRDA:137,11,2,0
BRDA:156,12,0,3
BRDA:156,12,1,4
BRDA:176,13,0,2
BRDA:176,13,1,2
BRDA:181,14,0,0
BRDA:181,14,1,2
BRDA:188,15,0,2
BRDA:188,15,1,0
BRDA:188,16,0,0
BRDA:188,16,1,0
BRDA:211,17,0,0
BRDA:211,17,1,0
BRDA:220,18,0,0
BRDA:220,18,1,0
BRDA:220,18,2,0
BRDA:222,19,0,0
BRDA:222,19,1,0
BRDA:229,20,0,0
BRDA:229,20,1,0
BRDA:229,20,2,0
BRDA:231,21,0,0
BRDA:231,21,1,0
BRDA:236,22,0,0
BRDA:236,22,1,0
BRDA:247,23,0,0
BRDA:247,23,1,0
BRDA:248,24,0,0
BRDA:248,24,1,0
BRDA:258,25,0,0
BRDA:258,25,1,0
BRDA:271,26,0,0
BRDA:271,26,1,0
BRDA:274,27,0,0
BRDA:274,27,1,0
BRDA:281,28,0,0
BRDA:281,28,1,0
BRDA:293,29,0,0
BRDA:293,29,1,44
BRF:63
BRH:30
end_of_record
