TN:
SF:npm-shim.js
FN:42,_computeSelfHash
FN:75,_integrityCheck
FN:124,_findRealNpm
FN:140,(anonymous_3)
FN:150,_readCidasConfig
FN:164,_checkOfflineCache
FN:191,_writeAuditLog
FN:215,_handleBypass
FN:237,_readDaemonToken
FN:246,_scan
FN:247,(anonymous_10)
FN:272,(anonymous_11)
FN:274,(anonymous_12)
FN:275,(anonymous_13)
FN:281,(anonymous_14)
FN:287,_passthrough
FN:302,_shouldPromptForWarn
FN:314,_promptProceed
FN:316,(anonymous_18)
FN:321,(anonymous_19)
FN:328,(anonymous_20)
FN:340,_main
FN:351,(anonymous_22)
FN:374,(anonymous_23)
FN:436,(anonymous_24)
FNF:25
FNH:18
FNDA:10,_computeSelfHash
FNDA:57,_integrityCheck
FNDA:57,_findRealNpm
FNDA:0,(anonymous_3)
FNDA:15,_readCidasConfig
FNDA:8,_checkOfflineCache
FNDA:9,_writeAuditLog
FNDA:7,_handleBypass
FNDA:2,_readDaemonToken
FNDA:2,_scan
FNDA:2,(anonymous_10)
FNDA:1,(anonymous_11)
FNDA:1,(anonymous_12)
FNDA:1,(anonymous_13)
FNDA:0,(anonymous_14)
FNDA:0,_passthrough
FNDA:6,_shouldPromptForWarn
FNDA:7,_promptProceed
FNDA:7,(anonymous_18)
FNDA:1,(anonymous_19)
FNDA:6,(anonymous_20)
FNDA:0,_main
FNDA:0,(anonymous_22)
FNDA:0,(anonymous_23)
FNDA:0,(anonymous_24)
DA:32,57
DA:43,10
DA:44,10
DA:45,10
DA:46,10
DA:53,57
DA:54,0
DA:55,0
DA:56,0
DA:58,0
DA:59,0
DA:60,0
DA:61,0
DA:62,0
DA:65,0
DA:66,0
DA:67,0
DA:75,57
DA:76,57
DA:77,57
DA:78,57
DA:80,57
DA:84,57
DA:86,57
DA:88,47
DA:93,47
DA:96,10
DA:98,10
DA:99,8
DA:105,8
DA:109,57
DA:110,57
DA:111,57
DA:112,57
DA:113,57
DA:114,57
DA:116,57
DA:117,57
DA:118,57
DA:119,57
DA:129,57
DA:130,57
DA:131,57
DA:132,57
DA:133,57
DA:138,0
DA:139,0
DA:140,0
DA:141,0
DA:142,0
DA:143,0
DA:146,0
DA:151,15
DA:152,15
DA:153,15
DA:155,10
DA:165,8
DA:167,8
DA:168,8
DA:170,1
DA:173,7
DA:174,7
DA:175,7
DA:177,2
DA:178,2
DA:179,2
DA:180,2
DA:181,2
DA:183,1
DA:192,9
DA:193,9
DA:194,9
DA:201,9
DA:202,9
DA:204,1
DA:216,7
DA:217,7
DA:218,3
DA:222,3
DA:223,3
DA:225,4
DA:226,4
DA:238,2
DA:239,2
DA:240,2
DA:242,0
DA:247,2
DA:248,2
DA:249,2
DA:257,2
DA:258,2
DA:259,2
DA:264,2
DA:272,2
DA:273,1
DA:274,1
DA:275,1
DA:276,1
DA:277,0
DA:280,2
DA:281,2
DA:282,2
DA:283,2
DA:292,0
DA:293,0
DA:303,6
DA:304,5
DA:305,4
DA:306,4
DA:315,7
DA:316,7
DA:317,7
DA:321,7
DA:322,1
DA:323,1
DA:324,1
DA:326,7
DA:329,6
DA:330,6
DA:338,57
DA:341,0
DA:342,0
DA:344,0
DA:345,0
DA:349,0
DA:351,0
DA:353,0
DA:354,0
DA:355,0
DA:358,0
DA:360,0
DA:365,0
DA:366,0
DA:371,0
DA:374,0
DA:375,0
DA:377,0
DA:379,0
DA:380,0
DA:381,0
DA:383,0
DA:386,0
DA:387,0
DA:390,0
DA:391,0
DA:393,0
DA:395,0
DA:399,0
DA:402,0
DA:404,0
DA:405,0
DA:406,0
DA:407,0
DA:408,0
DA:409,0
DA:410,0
DA:411,0
DA:412,0
DA:416,0
DA:420,0
DA:424,0
DA:425,0
DA:426,0
DA:429,0
DA:430,0
DA:435,0
DA:436,0
DA:438,0
DA:439,0
DA:442,0
DA:443,0
DA:444,0
DA:451,0
DA:452,0
DA:456,0
DA:459,0
DA:463,57
DA:464,0
DA:467,57
LF:179
LH:100
BRDA:53,0,0,0
BRDA:53,0,1,57
BRDA:61,1,0,0
BRDA:61,1,1,0
BRDA:80,2,0,57
BRDA:80,2,1,57
BRDA:98,3,0,8
BRDA:98,3,1,2
BRDA:116,4,0,57
BRDA:116,4,1,57
BRDA:118,5,0,57
BRDA:118,5,1,57
BRDA:119,6,0,57
BRDA:119,6,1,57
BRDA:132,7,0,0
BRDA:132,7,1,57
BRDA:132,8,0,57
BRDA:132,8,1,0
BRDA:132,8,2,0
BRDA:133,9,0,57
BRDA:133,9,1,0
BRDA:138,10,0,0
BRDA:138,10,1,0
BRDA:140,11,0,0
BRDA:140,11,1,0
BRDA:146,12,0,0
BRDA:146,12,1,0
BRDA:173,13,0,7
BRDA:173,13,1,7
BRDA:174,14,0,7
BRDA:174,14,1,7
BRDA:175,15,0,5
BRDA:175,15,1,2
BRDA:175,16,0,7
BRDA:175,16,1,2
BRDA:178,17,0,0
BRDA:178,17,1,2
BRDA:181,18,0,1
BRDA:181,18,1,1
BRDA:181,19,0,2
BRDA:181,19,1,2
BRDA:198,20,0,9
BRDA:198,20,1,1
BRDA:198,20,2,0
BRDA:217,21,0,3
BRDA:217,21,1,4
BRDA:240,22,0,2
BRDA:240,22,1,0
BRDA:251,23,0,2
BRDA:251,23,1,2
BRDA:257,24,0,0
BRDA:257,24,1,2
BRDA:262,25,0,2
BRDA:262,25,1,0
BRDA:266,26,0,2
BRDA:266,26,1,0
BRDA:266,27,0,0
BRDA:266,27,1,0
BRDA:293,28,0,0
BRDA:293,28,1,0
BRDA:303,29,0,1
BRDA:303,29,1,5
BRDA:304,30,0,1
BRDA:304,30,1,4
BRDA:304,31,0,5
BRDA:304,31,1,4
BRDA:342,32,0,0
BRDA:342,32,1,0
BRDA:342,32,2,0
BRDA:344,33,0,0
BRDA:344,33,1,0
BRDA:351,34,0,0
BRDA:351,34,1,0
BRDA:351,34,2,0
BRDA:353,35,0,0
BRDA:353,35,1,0
BRDA:358,36,0,0
BRDA:358,36,1,0
BRDA:365,37,0,0
BRDA:365,37,1,0
BRDA:380,38,0,0
BRDA:380,38,1,0
BRDA:381,39,0,0
BRDA:381,39,1,0
BRDA:391,40,0,0
BRDA:391,40,1,0
BRDA:404,41,0,0
BRDA:404,41,1,0
BRDA:407,42,0,0
BRDA:407,42,1,0
BRDA:409,43,0,0
BRDA:409,43,1,0
BRDA:411,44,0,0
BRDA:411,44,1,0
BRDA:424,45,0,0
BRDA:424,45,1,0
BRDA:425,46,0,0
BRDA:425,46,1,0
BRDA:427,47,0,0
BRDA:427,47,1,0
BRDA:435,48,0,0
BRDA:435,48,1,0
BRDA:438,49,0,0
BRDA:438,49,1,0
BRDA:440,50,0,0
BRDA:440,50,1,0
BRDA:443,51,0,0
BRDA:443,51,1,0
BRDA:451,52,0,0
BRDA:451,52,1,0
BRDA:463,53,0,0
BRDA:463,53,1,57
BRF:112
BRH:44
end_of_record
